2025-11-03 23:13:30 | INFO     | ======================================================================
2025-11-03 23:13:30 | INFO     | TRAINER INITIALIZATION
2025-11-03 23:13:30 | INFO     | ======================================================================
2025-11-03 23:13:30 | INFO     | Device: cuda
2025-11-03 23:13:30 | INFO     | Loss function: MSELoss
2025-11-03 23:13:30 | INFO     | Optimizer: AdamW (lr=0.0005, wd=0.01)
2025-11-03 23:13:32 | INFO     | Wandb initialized: 20251103-231330-cycle0-GNN
2025-11-03 23:13:32 | INFO     |   Project: GNN_Gym_final_test_debug_1
2025-11-03 23:13:32 | INFO     |   URL: https://wandb.ai/rudiwinggla-montanuniversit-t-leoben/GNN_Gym_final_test_debug_1/runs/3zys2btl
2025-11-03 23:13:32 | INFO     | ======================================================================
2025-11-03 23:13:32 | INFO     | ======================================================================
2025-11-03 23:13:32 | INFO     | STARTING TRAINING
2025-11-03 23:13:32 | INFO     | ======================================================================
2025-11-03 23:13:32 | INFO     | Device: cuda
2025-11-03 23:13:32 | INFO     | Optimizer: AdamW (lr=0.0005, wd=0.01)
2025-11-03 23:13:32 | INFO     | Scheduler: cosine
2025-11-03 23:13:32 | INFO     | Wandb: Enabled (20251103-231330-cycle0-GNN)
2025-11-03 23:13:32 | INFO     | Max epochs: 5000
2025-11-03 23:13:32 | INFO     | Early stopping patience: 30
2025-11-03 23:13:32 | INFO     | ======================================================================
