2025-11-03 23:20:09 | INFO     | Oracle initialized
2025-11-03 23:20:09 | INFO     |   Database: MoNbTaW
2025-11-03 23:20:09 | INFO     |   CSV: MoNbTaW.csv
2025-11-03 23:20:09 | INFO     | Calculating Mo49Nb22Ta0W28 (run 1)...
2025-11-03 23:20:17 | INFO     | ✓ Completed in 8.3s
2025-11-03 23:20:17 | INFO     |   Diffusing element: Mo
2025-11-03 23:20:17 | INFO     |   Forward barrier: 0.537 eV
2025-11-03 23:20:17 | INFO     |   Backward barrier: 0.591 eV
2025-11-03 23:20:17 | INFO     |   Timing: relax=3.3s, neb=5.0s
2025-11-03 23:20:18 | INFO     | Calculating Mo31Nb65Ta0W4 (run 1)...
2025-11-03 23:20:23 | INFO     | ✓ Completed in 5.1s
2025-11-03 23:20:23 | INFO     |   Diffusing element: Nb
2025-11-03 23:20:23 | INFO     |   Forward barrier: 0.344 eV
2025-11-03 23:20:23 | INFO     |   Backward barrier: 0.308 eV
2025-11-03 23:20:23 | INFO     |   Timing: relax=2.9s, neb=1.8s
2025-11-03 23:20:23 | INFO     | Calculating Mo84Nb1Ta5W10 (run 1)...
2025-11-03 23:20:25 | INFO     | ✓ Completed in 2.7s
2025-11-03 23:20:25 | INFO     |   Diffusing element: Mo
2025-11-03 23:20:25 | INFO     |   Forward barrier: 0.570 eV
2025-11-03 23:20:25 | INFO     |   Backward barrier: 0.550 eV
2025-11-03 23:20:25 | INFO     |   Timing: relax=1.2s, neb=1.1s
2025-11-03 23:20:25 | INFO     | Calculating Mo23Nb19Ta53W5 (run 1)...
2025-11-03 23:20:30 | INFO     | ✓ Completed in 4.4s
2025-11-03 23:20:30 | INFO     |   Diffusing element: Ta
2025-11-03 23:20:30 | INFO     |   Forward barrier: 0.320 eV
2025-11-03 23:20:30 | INFO     |   Backward barrier: 0.535 eV
2025-11-03 23:20:30 | INFO     |   Timing: relax=3.0s, neb=1.0s
2025-11-03 23:20:30 | INFO     | Calculating Mo5Nb72Ta3W20 (run 1)...
2025-11-03 23:20:35 | INFO     | ✓ Completed in 4.8s
2025-11-03 23:20:35 | INFO     |   Diffusing element: Nb
2025-11-03 23:20:35 | INFO     |   Forward barrier: 0.777 eV
2025-11-03 23:20:35 | INFO     |   Backward barrier: 0.576 eV
2025-11-03 23:20:35 | INFO     |   Timing: relax=2.3s, neb=2.1s
2025-11-03 23:20:35 | INFO     | Calculating Mo4Nb87Ta5W4 (run 1)...
2025-11-03 23:20:39 | INFO     | ✓ Completed in 4.3s
2025-11-03 23:20:39 | INFO     |   Diffusing element: Nb
2025-11-03 23:20:39 | INFO     |   Forward barrier: 0.401 eV
2025-11-03 23:20:39 | INFO     |   Backward barrier: 0.239 eV
2025-11-03 23:20:39 | INFO     |   Timing: relax=2.2s, neb=1.7s
2025-11-03 23:20:39 | INFO     | Calculating Mo1Nb6Ta24W69 (run 1)...
2025-11-03 23:20:42 | INFO     | ✓ Completed in 3.0s
2025-11-03 23:20:42 | INFO     |   Diffusing element: Ta
2025-11-03 23:20:42 | INFO     |   Forward barrier: 0.696 eV
2025-11-03 23:20:42 | INFO     |   Backward barrier: 0.361 eV
2025-11-03 23:20:42 | INFO     |   Timing: relax=2.0s, neb=0.5s
2025-11-03 23:20:42 | INFO     | Calculating Mo20Nb4Ta35W41 (run 1)...
2025-11-03 23:20:46 | INFO     | ✓ Completed in 4.4s
2025-11-03 23:20:46 | INFO     |   Diffusing element: Mo
2025-11-03 23:20:46 | INFO     |   Forward barrier: 0.575 eV
2025-11-03 23:20:46 | INFO     |   Backward barrier: 0.511 eV
2025-11-03 23:20:46 | INFO     |   Timing: relax=2.1s, neb=1.8s
2025-11-03 23:20:46 | INFO     | Calculating Mo56Nb4Ta13W27 (run 1)...
2025-11-03 23:20:52 | INFO     | ✓ Completed in 5.4s
2025-11-03 23:20:52 | INFO     |   Diffusing element: Mo
2025-11-03 23:20:52 | INFO     |   Forward barrier: 0.688 eV
2025-11-03 23:20:52 | INFO     |   Backward barrier: 0.559 eV
2025-11-03 23:20:52 | INFO     |   Timing: relax=2.0s, neb=3.0s
2025-11-03 23:20:52 | INFO     | Calculating Mo19Nb16Ta2W62 (run 1)...
2025-11-03 23:20:56 | INFO     | ✓ Completed in 4.0s
2025-11-03 23:20:56 | INFO     |   Diffusing element: Nb
2025-11-03 23:20:56 | INFO     |   Forward barrier: 0.471 eV
2025-11-03 23:20:56 | INFO     |   Backward barrier: 0.482 eV
2025-11-03 23:20:56 | INFO     |   Timing: relax=2.6s, neb=1.0s
2025-11-03 23:20:56 | INFO     | Calculating Mo10Nb12Ta37W41 (run 1)...
2025-11-03 23:21:04 | INFO     | ✓ Completed in 7.8s
2025-11-03 23:21:04 | INFO     |   Diffusing element: Ta
2025-11-03 23:21:04 | INFO     |   Forward barrier: 0.431 eV
2025-11-03 23:21:04 | INFO     |   Backward barrier: 0.379 eV
2025-11-03 23:21:04 | INFO     |   Timing: relax=4.4s, neb=2.9s
2025-11-03 23:21:04 | INFO     | Calculating Mo25Nb7Ta4W64 (run 1)...
2025-11-03 23:21:08 | INFO     | ✓ Completed in 4.1s
2025-11-03 23:21:08 | INFO     |   Diffusing element: W
2025-11-03 23:21:08 | INFO     |   Forward barrier: 0.823 eV
2025-11-03 23:21:08 | INFO     |   Backward barrier: 0.660 eV
2025-11-03 23:21:08 | INFO     |   Timing: relax=1.6s, neb=2.1s
2025-11-03 23:21:08 | INFO     | Calculating Mo35Nb7Ta55W3 (run 1)...
2025-11-03 23:21:13 | INFO     | ✓ Completed in 5.0s
2025-11-03 23:21:13 | INFO     |   Diffusing element: Ta
2025-11-03 23:21:13 | INFO     |   Forward barrier: 0.306 eV
2025-11-03 23:21:13 | INFO     |   Backward barrier: 0.640 eV
2025-11-03 23:21:13 | INFO     |   Timing: relax=3.3s, neb=2.4s
2025-11-03 23:21:13 | INFO     | Calculating Mo45Nb3Ta28W23 (run 1)...
2025-11-03 23:21:16 | INFO     | ✓ Completed in 3.3s
2025-11-03 23:21:16 | INFO     |   Diffusing element: Mo
2025-11-03 23:21:16 | INFO     |   Forward barrier: 0.458 eV
2025-11-03 23:21:16 | INFO     |   Backward barrier: 0.346 eV
2025-11-03 23:21:16 | INFO     |   Timing: relax=1.8s, neb=1.1s
2025-11-03 23:21:16 | INFO     | Calculating Mo16Nb11Ta39W33 (run 1)...
2025-11-03 23:21:23 | INFO     | ✓ Completed in 6.4s
2025-11-03 23:21:23 | INFO     |   Diffusing element: Ta
2025-11-03 23:21:23 | INFO     |   Forward barrier: 0.771 eV
2025-11-03 23:21:23 | INFO     |   Backward barrier: 0.044 eV
2025-11-03 23:21:23 | INFO     |   Timing: relax=4.0s, neb=1.9s
2025-11-03 23:21:23 | INFO     | Calculating Mo55Nb17Ta6W22 (run 1)...
2025-11-03 23:21:26 | INFO     | ✓ Completed in 3.3s
2025-11-03 23:21:26 | INFO     |   Diffusing element: Mo
2025-11-03 23:21:26 | INFO     |   Forward barrier: 0.534 eV
2025-11-03 23:21:26 | INFO     |   Backward barrier: 0.568 eV
2025-11-03 23:21:26 | INFO     |   Timing: relax=1.7s, neb=1.1s
2025-11-03 23:21:26 | INFO     | Calculating Mo42Nb15Ta26W18 (run 1)...
2025-11-03 23:22:05 | INFO     | ✓ Completed in 39.0s
2025-11-03 23:22:05 | INFO     |   Diffusing element: Mo
2025-11-03 23:22:05 | INFO     |   Forward barrier: 0.644 eV
2025-11-03 23:22:05 | INFO     |   Backward barrier: 0.542 eV
2025-11-03 23:22:05 | INFO     |   Timing: relax=3.4s, neb=35.1s
2025-11-03 23:22:05 | INFO     | Calculating Mo49Nb31Ta19W1 (run 1)...
2025-11-03 23:22:12 | INFO     | ✓ Completed in 6.8s
2025-11-03 23:22:12 | INFO     |   Diffusing element: Mo
2025-11-03 23:22:12 | INFO     |   Forward barrier: 0.384 eV
2025-11-03 23:22:12 | INFO     |   Backward barrier: 0.365 eV
2025-11-03 23:22:12 | INFO     |   Timing: relax=3.8s, neb=2.5s
2025-11-03 23:22:12 | INFO     | Calculating Mo0Nb69Ta9W22 (run 1)...
2025-11-03 23:22:17 | INFO     | ✓ Completed in 5.0s
2025-11-03 23:22:17 | INFO     |   Diffusing element: W
2025-11-03 23:22:17 | INFO     |   Forward barrier: 0.891 eV
2025-11-03 23:22:17 | INFO     |   Backward barrier: 0.819 eV
2025-11-03 23:22:17 | INFO     |   Timing: relax=3.1s, neb=1.5s
2025-11-03 23:22:17 | INFO     | Calculating Mo46Nb0Ta4W49 (run 1)...
2025-11-03 23:22:23 | INFO     | ✓ Completed in 6.3s
2025-11-03 23:22:23 | INFO     |   Diffusing element: Mo
2025-11-03 23:22:23 | INFO     |   Forward barrier: 0.428 eV
2025-11-03 23:22:23 | INFO     |   Backward barrier: 0.554 eV
2025-11-03 23:22:23 | INFO     |   Timing: relax=1.3s, neb=4.6s
2025-11-03 23:22:23 | INFO     | Calculating Mo23Nb6Ta58W13 (run 1)...
2025-11-03 23:22:27 | INFO     | ✓ Completed in 4.5s
2025-11-03 23:22:27 | INFO     |   Diffusing element: W
2025-11-03 23:22:27 | INFO     |   Forward barrier: 0.846 eV
2025-11-03 23:22:27 | INFO     |   Backward barrier: 0.733 eV
2025-11-03 23:22:27 | INFO     |   Timing: relax=2.4s, neb=1.6s
2025-11-03 23:22:27 | INFO     | Calculating Mo36Nb1Ta8W54 (run 1)...
2025-11-03 23:22:31 | INFO     | ✓ Completed in 3.6s
2025-11-03 23:22:31 | INFO     |   Diffusing element: W
2025-11-03 23:22:31 | INFO     |   Forward barrier: 0.616 eV
2025-11-03 23:22:31 | INFO     |   Backward barrier: 0.747 eV
2025-11-03 23:22:31 | INFO     |   Timing: relax=1.9s, neb=1.2s
2025-11-03 23:22:31 | INFO     | Calculating Mo68Nb2Ta23W6 (run 1)...
2025-11-03 23:22:36 | INFO     | ✓ Completed in 4.9s
2025-11-03 23:22:36 | INFO     |   Diffusing element: Mo
2025-11-03 23:22:36 | INFO     |   Forward barrier: 0.411 eV
2025-11-03 23:22:36 | INFO     |   Backward barrier: 0.376 eV
2025-11-03 23:22:36 | INFO     |   Timing: relax=2.8s, neb=1.6s
2025-11-03 23:22:36 | INFO     | Calculating Mo9Nb73Ta14W4 (run 1)...
2025-11-03 23:22:42 | INFO     | ✓ Completed in 6.0s
2025-11-03 23:22:42 | INFO     |   Diffusing element: W
2025-11-03 23:22:42 | INFO     |   Forward barrier: 0.563 eV
2025-11-03 23:22:42 | INFO     |   Backward barrier: 0.693 eV
2025-11-03 23:22:42 | INFO     |   Timing: relax=3.1s, neb=2.4s
2025-11-03 23:22:42 | INFO     | Calculating Mo16Nb28Ta44W11 (run 1)...
2025-11-03 23:22:46 | INFO     | ✓ Completed in 3.8s
2025-11-03 23:22:46 | INFO     |   Diffusing element: Ta
2025-11-03 23:22:46 | INFO     |   Forward barrier: 0.542 eV
2025-11-03 23:22:46 | INFO     |   Backward barrier: 0.405 eV
2025-11-03 23:22:46 | INFO     |   Timing: relax=2.3s, neb=1.1s
2025-11-03 23:22:46 | INFO     | Calculating Mo2Nb17Ta74W7 (run 1)...
2025-11-03 23:22:51 | INFO     | ✓ Completed in 5.5s
2025-11-03 23:22:51 | INFO     |   Diffusing element: Ta
2025-11-03 23:22:51 | INFO     |   Forward barrier: 0.303 eV
2025-11-03 23:22:51 | INFO     |   Backward barrier: 0.395 eV
2025-11-03 23:22:51 | INFO     |   Timing: relax=3.3s, neb=1.7s
2025-11-03 23:22:51 | INFO     | Calculating Mo49Nb3Ta22W26 (run 1)...
2025-11-03 23:22:57 | INFO     | ✓ Completed in 5.8s
2025-11-03 23:22:57 | INFO     |   Diffusing element: Mo
2025-11-03 23:22:57 | INFO     |   Forward barrier: 0.476 eV
2025-11-03 23:22:57 | INFO     |   Backward barrier: 0.571 eV
2025-11-03 23:22:57 | INFO     |   Timing: relax=2.6s, neb=2.8s
2025-11-03 23:22:57 | INFO     | Calculating Mo22Nb24Ta52W3 (run 1)...
2025-11-03 23:23:03 | INFO     | ✓ Completed in 6.1s
2025-11-03 23:23:03 | INFO     |   Diffusing element: Nb
2025-11-03 23:23:03 | INFO     |   Forward barrier: 0.347 eV
2025-11-03 23:23:03 | INFO     |   Backward barrier: 0.360 eV
2025-11-03 23:23:03 | INFO     |   Timing: relax=3.5s, neb=2.1s
2025-11-03 23:23:03 | INFO     | Calculating Mo18Nb23Ta25W34 (run 1)...
2025-11-03 23:23:10 | INFO     | ✓ Completed in 7.2s
2025-11-03 23:23:10 | INFO     |   Diffusing element: W
2025-11-03 23:23:10 | INFO     |   Forward barrier: 0.717 eV
2025-11-03 23:23:10 | INFO     |   Backward barrier: 0.549 eV
2025-11-03 23:23:10 | INFO     |   Timing: relax=3.9s, neb=2.8s
2025-11-03 23:23:10 | INFO     | Calculating Mo19Nb14Ta33W34 (run 1)...
2025-11-03 23:23:17 | INFO     | ✓ Completed in 6.4s
2025-11-03 23:23:17 | INFO     |   Diffusing element: Ta
2025-11-03 23:23:17 | INFO     |   Forward barrier: 0.812 eV
2025-11-03 23:23:17 | INFO     |   Backward barrier: 0.224 eV
2025-11-03 23:23:17 | INFO     |   Timing: relax=4.5s, neb=1.5s
2025-11-03 23:23:17 | INFO     | Calculating Mo43Nb8Ta29W20 (run 1)...
2025-11-03 23:23:23 | INFO     | ✓ Completed in 6.0s
2025-11-03 23:23:23 | INFO     |   Diffusing element: Ta
2025-11-03 23:23:23 | INFO     |   Forward barrier: 0.299 eV
2025-11-03 23:23:23 | INFO     |   Backward barrier: 0.286 eV
2025-11-03 23:23:23 | INFO     |   Timing: relax=3.5s, neb=2.0s
2025-11-03 23:23:23 | INFO     | Calculating Mo16Nb41Ta9W33 (run 1)...
2025-11-03 23:23:27 | INFO     | ✓ Completed in 4.3s
2025-11-03 23:23:27 | INFO     |   Diffusing element: Mo
2025-11-03 23:23:27 | INFO     |   Forward barrier: 0.417 eV
2025-11-03 23:23:27 | INFO     |   Backward barrier: 0.613 eV
2025-11-03 23:23:27 | INFO     |   Timing: relax=2.0s, neb=1.9s
2025-11-03 23:23:27 | INFO     | Calculating Mo40Nb20Ta35W5 (run 1)...
2025-11-03 23:23:33 | INFO     | ✓ Completed in 6.2s
2025-11-03 23:23:33 | INFO     |   Diffusing element: Nb
2025-11-03 23:23:33 | INFO     |   Forward barrier: 0.385 eV
2025-11-03 23:23:33 | INFO     |   Backward barrier: 0.058 eV
2025-11-03 23:23:33 | INFO     |   Timing: relax=3.6s, neb=2.1s
2025-11-03 23:23:33 | INFO     | Calculating Mo7Nb8Ta62W23 (run 1)...
2025-11-03 23:23:40 | INFO     | ✓ Completed in 6.7s
2025-11-03 23:23:40 | INFO     |   Diffusing element: Ta
2025-11-03 23:23:40 | INFO     |   Forward barrier: 0.168 eV
2025-11-03 23:23:40 | INFO     |   Backward barrier: 0.214 eV
2025-11-03 23:23:40 | INFO     |   Timing: relax=4.2s, neb=2.0s
2025-11-03 23:23:40 | INFO     | Calculating Mo62Nb26Ta0W12 (run 1)...
2025-11-03 23:23:45 | INFO     | ✓ Completed in 5.0s
2025-11-03 23:23:45 | INFO     |   Diffusing element: Mo
2025-11-03 23:23:45 | INFO     |   Forward barrier: 0.557 eV
2025-11-03 23:23:45 | INFO     |   Backward barrier: 0.645 eV
2025-11-03 23:23:45 | INFO     |   Timing: relax=2.2s, neb=2.4s
2025-11-03 23:23:45 | INFO     | Calculating Mo21Nb7Ta33W38 (run 1)...
2025-11-03 23:23:49 | INFO     | ✓ Completed in 3.7s
2025-11-03 23:23:49 | INFO     |   Diffusing element: Ta
2025-11-03 23:23:49 | INFO     |   Forward barrier: 0.468 eV
2025-11-03 23:23:49 | INFO     |   Backward barrier: 0.398 eV
2025-11-03 23:23:49 | INFO     |   Timing: relax=2.8s, neb=0.5s
2025-11-03 23:23:49 | INFO     | Calculating Mo68Nb0Ta14W18 (run 1)...
2025-11-03 23:23:54 | INFO     | ✓ Completed in 4.7s
2025-11-03 23:23:54 | INFO     |   Diffusing element: W
2025-11-03 23:23:54 | INFO     |   Forward barrier: 0.838 eV
2025-11-03 23:23:54 | INFO     |   Backward barrier: 0.719 eV
2025-11-03 23:23:54 | INFO     |   Timing: relax=1.9s, neb=2.3s
2025-11-03 23:23:54 | INFO     | Calculating Mo52Nb12Ta4W33 (run 1)...
2025-11-03 23:23:57 | INFO     | ✓ Completed in 3.3s
2025-11-03 23:23:57 | INFO     |   Diffusing element: Mo
2025-11-03 23:23:57 | INFO     |   Forward barrier: 0.706 eV
2025-11-03 23:23:57 | INFO     |   Backward barrier: 0.541 eV
2025-11-03 23:23:57 | INFO     |   Timing: relax=1.6s, neb=1.2s
2025-11-03 23:23:57 | INFO     | Calculating Mo39Nb9Ta36W16 (run 1)...
2025-11-03 23:24:03 | INFO     | ✓ Completed in 6.3s
2025-11-03 23:24:03 | INFO     |   Diffusing element: Ta
2025-11-03 23:24:03 | INFO     |   Forward barrier: 0.245 eV
2025-11-03 23:24:03 | INFO     |   Backward barrier: 0.109 eV
2025-11-03 23:24:03 | INFO     |   Timing: relax=2.9s, neb=2.8s
2025-11-03 23:24:03 | INFO     | Calculating Mo5Nb40Ta21W34 (run 1)...
2025-11-03 23:24:09 | INFO     | ✓ Completed in 5.4s
2025-11-03 23:24:09 | INFO     |   Diffusing element: Nb
2025-11-03 23:24:09 | INFO     |   Forward barrier: 0.164 eV
2025-11-03 23:24:09 | INFO     |   Backward barrier: 0.407 eV
2025-11-03 23:24:09 | INFO     |   Timing: relax=2.5s, neb=2.4s
2025-11-03 23:24:09 | INFO     | Calculating Mo37Nb1Ta3W60 (run 1)...
2025-11-03 23:24:11 | INFO     | ✓ Completed in 2.6s
2025-11-03 23:24:11 | INFO     |   Diffusing element: W
2025-11-03 23:24:11 | INFO     |   Forward barrier: 0.628 eV
2025-11-03 23:24:11 | INFO     |   Backward barrier: 0.697 eV
2025-11-03 23:24:11 | INFO     |   Timing: relax=0.9s, neb=1.3s
2025-11-03 23:24:11 | INFO     | Calculating Mo15Nb38Ta32W15 (run 1)...
2025-11-03 23:24:19 | INFO     | ✓ Completed in 7.3s
2025-11-03 23:24:19 | INFO     |   Diffusing element: Mo
2025-11-03 23:24:19 | INFO     |   Forward barrier: 0.656 eV
2025-11-03 23:24:19 | INFO     |   Backward barrier: 0.703 eV
2025-11-03 23:24:19 | INFO     |   Timing: relax=3.9s, neb=3.0s
2025-11-03 23:24:19 | INFO     | Calculating Mo59Nb2Ta3W36 (run 1)...
2025-11-03 23:24:24 | INFO     | ✓ Completed in 5.2s
2025-11-03 23:24:24 | INFO     |   Diffusing element: Mo
2025-11-03 23:24:24 | INFO     |   Forward barrier: 0.620 eV
2025-11-03 23:24:24 | INFO     |   Backward barrier: 0.638 eV
2025-11-03 23:24:24 | INFO     |   Timing: relax=1.6s, neb=3.0s
2025-11-03 23:24:24 | INFO     | Calculating Mo20Nb11Ta29W40 (run 1)...
2025-11-03 23:24:29 | INFO     | ✓ Completed in 5.6s
2025-11-03 23:24:29 | INFO     |   Diffusing element: Ta
2025-11-03 23:24:29 | INFO     |   Forward barrier: 0.314 eV
2025-11-03 23:24:29 | INFO     |   Backward barrier: 0.345 eV
2025-11-03 23:24:29 | INFO     |   Timing: relax=3.9s, neb=1.2s
2025-11-03 23:24:29 | INFO     | Calculating Mo15Nb6Ta14W66 (run 1)...
2025-11-03 23:24:35 | INFO     | ✓ Completed in 5.4s
2025-11-03 23:24:35 | INFO     |   Diffusing element: Nb
2025-11-03 23:24:35 | INFO     |   Forward barrier: 0.371 eV
2025-11-03 23:24:35 | INFO     |   Backward barrier: 0.354 eV
2025-11-03 23:24:35 | INFO     |   Timing: relax=2.8s, neb=2.1s
2025-11-03 23:24:35 | INFO     | Calculating Mo35Nb51Ta1W14 (run 1)...
2025-11-03 23:24:42 | INFO     | ✓ Completed in 7.4s
2025-11-03 23:24:42 | INFO     |   Diffusing element: Mo
2025-11-03 23:24:42 | INFO     |   Forward barrier: 0.482 eV
2025-11-03 23:24:42 | INFO     |   Backward barrier: 0.436 eV
2025-11-03 23:24:42 | INFO     |   Timing: relax=3.0s, neb=3.9s
2025-11-03 23:24:42 | INFO     | Calculating Mo51Nb27Ta13W9 (run 1)...
2025-11-03 23:24:48 | INFO     | ✓ Completed in 5.4s
2025-11-03 23:24:48 | INFO     |   Diffusing element: Mo
2025-11-03 23:24:48 | INFO     |   Forward barrier: 0.537 eV
2025-11-03 23:24:48 | INFO     |   Backward barrier: 0.513 eV
2025-11-03 23:24:48 | INFO     |   Timing: relax=2.6s, neb=2.4s
2025-11-03 23:24:48 | INFO     | Calculating Mo0Nb7Ta84W9 (run 1)...
2025-11-03 23:24:53 | INFO     | ✓ Completed in 5.1s
2025-11-03 23:24:53 | INFO     |   Diffusing element: Ta
2025-11-03 23:24:53 | INFO     |   Forward barrier: 0.176 eV
2025-11-03 23:24:53 | INFO     |   Backward barrier: 0.445 eV
2025-11-03 23:24:53 | INFO     |   Timing: relax=2.0s, neb=2.7s
2025-11-03 23:24:53 | INFO     | Calculating Mo34Nb15Ta4W47 (run 1)...
2025-11-03 23:24:59 | INFO     | ✓ Completed in 5.7s
2025-11-03 23:24:59 | INFO     |   Diffusing element: W
2025-11-03 23:24:59 | INFO     |   Forward barrier: 0.722 eV
2025-11-03 23:24:59 | INFO     |   Backward barrier: 0.633 eV
2025-11-03 23:24:59 | INFO     |   Timing: relax=2.4s, neb=2.9s
2025-11-03 23:24:59 | INFO     | Calculating Mo4Nb19Ta36W41 (run 1)...
2025-11-03 23:25:05 | INFO     | ✓ Completed in 6.1s
2025-11-03 23:25:05 | INFO     |   Diffusing element: Ta
2025-11-03 23:25:05 | INFO     |   Forward barrier: 0.388 eV
2025-11-03 23:25:05 | INFO     |   Backward barrier: 0.468 eV
2025-11-03 23:25:05 | INFO     |   Timing: relax=3.4s, neb=2.2s
2025-11-03 23:25:05 | INFO     | Calculating Mo16Nb23Ta14W47 (run 1)...
2025-11-03 23:25:12 | INFO     | ✓ Completed in 7.1s
2025-11-03 23:25:12 | INFO     |   Diffusing element: W
2025-11-03 23:25:12 | INFO     |   Forward barrier: 0.566 eV
2025-11-03 23:25:12 | INFO     |   Backward barrier: 0.411 eV
2025-11-03 23:25:12 | INFO     |   Timing: relax=3.6s, neb=3.1s
2025-11-03 23:25:12 | INFO     | Calculating Mo21Nb35Ta22W23 (run 1)...
2025-11-03 23:25:20 | INFO     | ✓ Completed in 8.7s
2025-11-03 23:25:20 | INFO     |   Diffusing element: Nb
2025-11-03 23:25:20 | INFO     |   Forward barrier: 0.279 eV
2025-11-03 23:25:20 | INFO     |   Backward barrier: 0.000 eV
2025-11-03 23:25:20 | INFO     |   Timing: relax=4.9s, neb=3.3s
2025-11-03 23:25:20 | INFO     | Calculating Mo43Nb25Ta27W4 (run 1)...
2025-11-03 23:25:24 | INFO     | ✓ Completed in 3.6s
2025-11-03 23:25:24 | INFO     |   Diffusing element: Nb
2025-11-03 23:25:24 | INFO     |   Forward barrier: 0.668 eV
2025-11-03 23:25:24 | INFO     |   Backward barrier: 0.430 eV
2025-11-03 23:25:24 | INFO     |   Timing: relax=0.6s, neb=2.5s
2025-11-03 23:25:24 | INFO     | Calculating Mo56Nb14Ta17W12 (run 1)...
2025-11-03 23:26:01 | INFO     | ✓ Completed in 36.5s
2025-11-03 23:26:01 | INFO     |   Diffusing element: Mo
2025-11-03 23:26:01 | INFO     |   Forward barrier: 0.319 eV
2025-11-03 23:26:01 | INFO     |   Backward barrier: 0.540 eV
2025-11-03 23:26:01 | INFO     |   Timing: relax=2.4s, neb=33.7s
2025-11-03 23:26:01 | INFO     | Calculating Mo38Nb19Ta14W28 (run 1)...
2025-11-03 23:26:08 | INFO     | ✓ Completed in 7.3s
2025-11-03 23:26:08 | INFO     |   Diffusing element: Ta
2025-11-03 23:26:08 | INFO     |   Forward barrier: 0.253 eV
2025-11-03 23:26:08 | INFO     |   Backward barrier: 0.442 eV
2025-11-03 23:26:08 | INFO     |   Timing: relax=4.6s, neb=2.2s
2025-11-03 23:26:08 | INFO     | Calculating Mo7Nb10Ta38W45 (run 1)...
2025-11-03 23:26:14 | INFO     | ✓ Completed in 5.8s
2025-11-03 23:26:14 | INFO     |   Diffusing element: Nb
2025-11-03 23:26:14 | INFO     |   Forward barrier: 0.726 eV
2025-11-03 23:26:14 | INFO     |   Backward barrier: 0.669 eV
2025-11-03 23:26:14 | INFO     |   Timing: relax=2.3s, neb=2.8s
2025-11-03 23:26:14 | INFO     | Calculating Mo27Nb47Ta21W6 (run 1)...
2025-11-03 23:26:21 | INFO     | ✓ Completed in 6.8s
2025-11-03 23:26:21 | INFO     |   Diffusing element: Ta
2025-11-03 23:26:21 | INFO     |   Forward barrier: 0.164 eV
2025-11-03 23:26:21 | INFO     |   Backward barrier: 0.545 eV
2025-11-03 23:26:21 | INFO     |   Timing: relax=4.4s, neb=2.0s
2025-11-03 23:26:21 | INFO     | Calculating Mo50Nb28Ta19W2 (run 1)...
2025-11-03 23:26:27 | INFO     | ✓ Completed in 6.2s
2025-11-03 23:26:27 | INFO     |   Diffusing element: Mo
2025-11-03 23:26:27 | INFO     |   Forward barrier: 0.502 eV
2025-11-03 23:26:27 | INFO     |   Backward barrier: 0.420 eV
2025-11-03 23:26:27 | INFO     |   Timing: relax=2.0s, neb=3.7s
2025-11-03 23:26:27 | INFO     | Calculating Mo49Nb7Ta28W16 (run 1)...
2025-11-03 23:26:33 | INFO     | ✓ Completed in 6.5s
2025-11-03 23:26:33 | INFO     |   Diffusing element: Ta
2025-11-03 23:26:33 | INFO     |   Forward barrier: 0.455 eV
2025-11-03 23:26:33 | INFO     |   Backward barrier: 0.586 eV
2025-11-03 23:26:33 | INFO     |   Timing: relax=3.4s, neb=2.6s
2025-11-03 23:26:33 | INFO     | Calculating Mo9Nb20Ta54W18 (run 1)...
2025-11-03 23:26:41 | INFO     | ✓ Completed in 8.1s
2025-11-03 23:26:41 | INFO     |   Diffusing element: Mo
2025-11-03 23:26:41 | INFO     |   Forward barrier: 0.443 eV
2025-11-03 23:26:41 | INFO     |   Backward barrier: 0.509 eV
2025-11-03 23:26:41 | INFO     |   Timing: relax=4.1s, neb=3.5s
2025-11-03 23:26:41 | INFO     | Calculating Mo9Nb36Ta36W20 (run 1)...
2025-11-03 23:26:48 | INFO     | ✓ Completed in 6.1s
2025-11-03 23:26:48 | INFO     |   Diffusing element: Ta
2025-11-03 23:26:48 | INFO     |   Forward barrier: 0.789 eV
2025-11-03 23:26:48 | INFO     |   Backward barrier: 0.513 eV
2025-11-03 23:26:48 | INFO     |   Timing: relax=2.9s, neb=2.7s
2025-11-03 23:26:48 | INFO     | Calculating Mo35Nb4Ta27W35 (run 1)...
2025-11-03 23:26:53 | INFO     | ✓ Completed in 5.2s
2025-11-03 23:26:53 | INFO     |   Diffusing element: Ta
2025-11-03 23:26:53 | INFO     |   Forward barrier: 0.130 eV
2025-11-03 23:26:53 | INFO     |   Backward barrier: 0.332 eV
2025-11-03 23:26:53 | INFO     |   Timing: relax=3.0s, neb=1.6s
2025-11-03 23:26:53 | INFO     | Calculating Mo0Nb1Ta38W62 (run 1)...
2025-11-03 23:26:57 | INFO     | ✓ Completed in 3.9s
2025-11-03 23:26:57 | INFO     |   Diffusing element: Ta
2025-11-03 23:26:57 | INFO     |   Forward barrier: 0.353 eV
2025-11-03 23:26:57 | INFO     |   Backward barrier: 0.430 eV
2025-11-03 23:26:57 | INFO     |   Timing: relax=2.4s, neb=1.1s
2025-11-03 23:26:57 | INFO     | Calculating Mo7Nb51Ta13W29 (run 1)...
2025-11-03 23:27:01 | INFO     | ✓ Completed in 4.7s
2025-11-03 23:27:01 | INFO     |   Diffusing element: Nb
2025-11-03 23:27:01 | INFO     |   Forward barrier: 0.676 eV
2025-11-03 23:27:01 | INFO     |   Backward barrier: 0.555 eV
2025-11-03 23:27:01 | INFO     |   Timing: relax=2.5s, neb=1.7s
2025-11-03 23:27:01 | INFO     | Calculating Mo27Nb18Ta25W30 (run 1)...
2025-11-03 23:27:06 | INFO     | ✓ Completed in 4.6s
2025-11-03 23:27:06 | INFO     |   Diffusing element: Ta
2025-11-03 23:27:06 | INFO     |   Forward barrier: 0.565 eV
2025-11-03 23:27:06 | INFO     |   Backward barrier: 0.453 eV
2025-11-03 23:27:06 | INFO     |   Timing: relax=1.9s, neb=2.2s
2025-11-03 23:27:06 | INFO     | Calculating Mo8Nb56Ta14W22 (run 1)...
2025-11-03 23:27:14 | INFO     | ✓ Completed in 7.8s
2025-11-03 23:27:14 | INFO     |   Diffusing element: Mo
2025-11-03 23:27:14 | INFO     |   Forward barrier: 0.666 eV
2025-11-03 23:27:14 | INFO     |   Backward barrier: 0.882 eV
2025-11-03 23:27:14 | INFO     |   Timing: relax=2.9s, neb=4.5s
2025-11-03 23:27:14 | INFO     | Calculating Mo19Nb17Ta35W29 (run 1)...
2025-11-03 23:27:19 | INFO     | ✓ Completed in 4.9s
2025-11-03 23:27:19 | INFO     |   Diffusing element: Nb
2025-11-03 23:27:19 | INFO     |   Forward barrier: 0.426 eV
2025-11-03 23:27:19 | INFO     |   Backward barrier: 0.449 eV
2025-11-03 23:27:19 | INFO     |   Timing: relax=2.3s, neb=2.1s
2025-11-03 23:27:19 | INFO     | Calculating Mo0Nb12Ta51W37 (run 1)...
2025-11-03 23:27:25 | INFO     | ✓ Completed in 6.0s
2025-11-03 23:27:25 | INFO     |   Diffusing element: W
2025-11-03 23:27:25 | INFO     |   Forward barrier: 0.117 eV
2025-11-03 23:27:25 | INFO     |   Backward barrier: 0.000 eV
2025-11-03 23:27:25 | INFO     |   Timing: relax=3.7s, neb=1.8s
2025-11-03 23:27:25 | INFO     | Calculating Mo4Nb3Ta39W54 (run 1)...
2025-11-03 23:27:29 | INFO     | ✓ Completed in 4.1s
2025-11-03 23:27:29 | INFO     |   Diffusing element: W
2025-11-03 23:27:29 | INFO     |   Forward barrier: 0.425 eV
2025-11-03 23:27:29 | INFO     |   Backward barrier: 0.666 eV
2025-11-03 23:27:29 | INFO     |   Timing: relax=1.0s, neb=2.6s
2025-11-03 23:27:29 | INFO     | Calculating Mo38Nb44Ta5W13 (run 1)...
2025-11-03 23:27:34 | INFO     | ✓ Completed in 5.3s
2025-11-03 23:27:34 | INFO     |   Diffusing element: Nb
2025-11-03 23:27:34 | INFO     |   Forward barrier: 0.286 eV
2025-11-03 23:27:34 | INFO     |   Backward barrier: 0.428 eV
2025-11-03 23:27:34 | INFO     |   Timing: relax=2.7s, neb=2.2s
2025-11-03 23:27:34 | INFO     | Calculating Mo1Nb21Ta44W33 (run 1)...
2025-11-03 23:27:40 | INFO     | ✓ Completed in 5.7s
2025-11-03 23:27:40 | INFO     |   Diffusing element: Ta
2025-11-03 23:27:40 | INFO     |   Forward barrier: 0.415 eV
2025-11-03 23:27:40 | INFO     |   Backward barrier: 0.437 eV
2025-11-03 23:27:40 | INFO     |   Timing: relax=3.1s, neb=2.1s
2025-11-03 23:27:40 | INFO     | Calculating Mo4Nb11Ta29W56 (run 1)...
2025-11-03 23:27:45 | INFO     | ✓ Completed in 5.7s
2025-11-03 23:27:45 | INFO     |   Diffusing element: Ta
2025-11-03 23:27:45 | INFO     |   Forward barrier: 0.588 eV
2025-11-03 23:27:45 | INFO     |   Backward barrier: 0.479 eV
2025-11-03 23:27:45 | INFO     |   Timing: relax=3.0s, neb=2.3s
2025-11-03 23:27:45 | INFO     | Calculating Mo54Nb19Ta14W13 (run 1)...
2025-11-03 23:27:52 | INFO     | ✓ Completed in 6.2s
2025-11-03 23:27:52 | INFO     |   Diffusing element: W
2025-11-03 23:27:52 | INFO     |   Forward barrier: 0.751 eV
2025-11-03 23:27:52 | INFO     |   Backward barrier: 0.650 eV
2025-11-03 23:27:52 | INFO     |   Timing: relax=3.0s, neb=2.6s
2025-11-03 23:27:52 | INFO     | Calculating Mo14Nb72Ta12W2 (run 1)...
2025-11-03 23:27:57 | INFO     | ✓ Completed in 5.4s
2025-11-03 23:27:57 | INFO     |   Diffusing element: Nb
2025-11-03 23:27:57 | INFO     |   Forward barrier: 0.473 eV
2025-11-03 23:27:57 | INFO     |   Backward barrier: 0.380 eV
2025-11-03 23:27:57 | INFO     |   Timing: relax=3.8s, neb=1.2s
2025-11-03 23:27:57 | INFO     | Calculating Mo36Nb19Ta40W6 (run 1)...
2025-11-03 23:28:03 | INFO     | ✓ Completed in 5.8s
2025-11-03 23:28:03 | INFO     |   Diffusing element: Mo
2025-11-03 23:28:03 | INFO     |   Forward barrier: 0.649 eV
2025-11-03 23:28:03 | INFO     |   Backward barrier: 0.451 eV
2025-11-03 23:28:03 | INFO     |   Timing: relax=3.9s, neb=1.5s
2025-11-03 23:28:03 | INFO     | Calculating Mo66Nb3Ta7W24 (run 1)...
2025-11-03 23:28:07 | INFO     | ✓ Completed in 4.1s
2025-11-03 23:28:07 | INFO     |   Diffusing element: Nb
2025-11-03 23:28:07 | INFO     |   Forward barrier: 0.766 eV
2025-11-03 23:28:07 | INFO     |   Backward barrier: 0.466 eV
2025-11-03 23:28:07 | INFO     |   Timing: relax=1.7s, neb=1.9s
2025-11-03 23:28:07 | INFO     | Calculating Mo28Nb22Ta40W11 (run 1)...
2025-11-03 23:28:14 | INFO     | ✓ Completed in 7.1s
2025-11-03 23:28:14 | INFO     |   Diffusing element: Mo
2025-11-03 23:28:14 | INFO     |   Forward barrier: 0.385 eV
2025-11-03 23:28:14 | INFO     |   Backward barrier: 0.276 eV
2025-11-03 23:28:14 | INFO     |   Timing: relax=3.6s, neb=3.1s
2025-11-03 23:28:14 | INFO     | Calculating Mo34Nb57Ta3W6 (run 1)...
2025-11-03 23:28:20 | INFO     | ✓ Completed in 6.2s
2025-11-03 23:28:20 | INFO     |   Diffusing element: Mo
2025-11-03 23:28:20 | INFO     |   Forward barrier: 0.694 eV
2025-11-03 23:28:20 | INFO     |   Backward barrier: 0.420 eV
2025-11-03 23:28:20 | INFO     |   Timing: relax=3.7s, neb=2.0s
2025-11-03 23:28:20 | INFO     | Calculating Mo36Nb23Ta27W14 (run 1)...
2025-11-03 23:28:27 | INFO     | ✓ Completed in 6.2s
2025-11-03 23:28:27 | INFO     |   Diffusing element: Mo
2025-11-03 23:28:27 | INFO     |   Forward barrier: 0.516 eV
2025-11-03 23:28:27 | INFO     |   Backward barrier: 0.498 eV
2025-11-03 23:28:27 | INFO     |   Timing: relax=3.1s, neb=2.7s
2025-11-03 23:28:27 | INFO     | Calculating Mo10Nb23Ta40W27 (run 1)...
2025-11-03 23:28:30 | INFO     | ✓ Completed in 3.8s
2025-11-03 23:28:30 | INFO     |   Diffusing element: Mo
2025-11-03 23:28:30 | INFO     |   Forward barrier: 0.490 eV
2025-11-03 23:28:30 | INFO     |   Backward barrier: 0.548 eV
2025-11-03 23:28:30 | INFO     |   Timing: relax=0.8s, neb=2.6s
2025-11-03 23:28:30 | INFO     | Calculating Mo47Nb25Ta18W10 (run 1)...
